C:\USERS\JON DI\DROPBOX\SCHOOL\CSS343\LAB1\LAB1\DEBUG\LAB1.EXE
C:\USERS\JON DI\DROPBOX\SCHOOL\CSS343\LAB1\LAB1\DEBUG\LAB1.ILK
C:\USERS\JON DI\DROPBOX\SCHOOL\CSS343\LAB1\LAB1\DEBUG\LAB1.PDB
C:\Users\Jon Di\Dropbox\School\CSS343\Lab1\Lab1\Lab1\Debug\cl.command.1.tlog
C:\Users\Jon Di\Dropbox\School\CSS343\Lab1\Lab1\Lab1\Debug\CL.read.1.tlog
C:\Users\Jon Di\Dropbox\School\CSS343\Lab1\Lab1\Lab1\Debug\CL.write.1.tlog
C:\USERS\JON DI\DROPBOX\SCHOOL\CSS343\LAB1\LAB1\LAB1\DEBUG\LAB1.EXE.INTERMEDIATE.MANIFEST
C:\USERS\JON DI\DROPBOX\SCHOOL\CSS343\LAB1\LAB1\LAB1\DEBUG\LAB1.OBJ
C:\Users\Jon Di\Dropbox\School\CSS343\Lab1\Lab1\Lab1\Debug\link.command.1.tlog
C:\Users\Jon Di\Dropbox\School\CSS343\Lab1\Lab1\Lab1\Debug\link.read.1.tlog
C:\Users\Jon Di\Dropbox\School\CSS343\Lab1\Lab1\Lab1\Debug\link.write.1.tlog
C:\Users\Jon Di\Dropbox\School\CSS343\Lab1\Lab1\Lab1\Debug\mt.command.1.tlog
C:\Users\Jon Di\Dropbox\School\CSS343\Lab1\Lab1\Lab1\Debug\mt.read.1.tlog
C:\Users\Jon Di\Dropbox\School\CSS343\Lab1\Lab1\Lab1\Debug\mt.write.1.tlog
C:\USERS\JON DI\DROPBOX\SCHOOL\CSS343\LAB1\LAB1\LAB1\DEBUG\POLY.OBJ
C:\Users\Jon Di\Dropbox\School\CSS343\Lab1\Lab1\Lab1\Debug\vc100.idb
C:\USERS\JON DI\DROPBOX\SCHOOL\CSS343\LAB1\LAB1\LAB1\DEBUG\VC100.PDB
C:\USERS\JONDI\DROPBOX\SCHOOL\CSS343\LAB1\LAB1\DEBUG\LAB1.EXE
C:\USERS\JONDI\DROPBOX\SCHOOL\CSS343\LAB1\LAB1\DEBUG\LAB1.ILK
C:\USERS\JONDI\DROPBOX\SCHOOL\CSS343\LAB1\LAB1\DEBUG\LAB1.PDB
C:\USERS\JONDI\DROPBOX\SCHOOL\CSS343\LAB1\LAB1\LAB1\DEBUG\LAB1.EXE.INTERMEDIATE.MANIFEST
C:\USERS\JONDI\DROPBOX\SCHOOL\CSS343\LAB1\LAB1\LAB1\DEBUG\LAB1.OBJ
C:\USERS\JONDI\DROPBOX\SCHOOL\CSS343\LAB1\LAB1\LAB1\DEBUG\VC100.PDB
