C:\USERS\JONDI\DROPBOX\SCHOOL\CSS343\LAB4\LAB_4\DEBUG\LAB_4.EXE
C:\USERS\JONDI\DROPBOX\SCHOOL\CSS343\LAB4\LAB_4\DEBUG\LAB_4.PDB
C:\USERS\JONDI\DROPBOX\SCHOOL\CSS343\LAB4\LAB_4\LAB_4\DEBUG\BINTREE.OBJ
C:\Users\Jondi\Dropbox\School\CSS343\Lab4\lab_4\lab_4\Debug\cl.command.1.tlog
C:\Users\Jondi\Dropbox\School\CSS343\Lab4\lab_4\lab_4\Debug\CL.read.1.tlog
C:\Users\Jondi\Dropbox\School\CSS343\Lab4\lab_4\lab_4\Debug\CL.write.1.tlog
C:\USERS\JONDI\DROPBOX\SCHOOL\CSS343\LAB4\LAB_4\LAB_4\DEBUG\CLASSICDVD.OBJ
C:\USERS\JONDI\DROPBOX\SCHOOL\CSS343\LAB4\LAB_4\LAB_4\DEBUG\COMEDYDVD.OBJ
C:\USERS\JONDI\DROPBOX\SCHOOL\CSS343\LAB4\LAB_4\LAB_4\DEBUG\COMMAND_BASE.OBJ
C:\USERS\JONDI\DROPBOX\SCHOOL\CSS343\LAB4\LAB_4\LAB_4\DEBUG\COMMANDDATA.OBJ
C:\USERS\JONDI\DROPBOX\SCHOOL\CSS343\LAB4\LAB_4\LAB_4\DEBUG\COMMANDFILE.OBJ
C:\USERS\JONDI\DROPBOX\SCHOOL\CSS343\LAB4\LAB_4\LAB_4\DEBUG\CUSTOMER_BASE.OBJ
C:\USERS\JONDI\DROPBOX\SCHOOL\CSS343\LAB4\LAB_4\LAB_4\DEBUG\CUSTOMER_LIST.OBJ
C:\USERS\JONDI\DROPBOX\SCHOOL\CSS343\LAB4\LAB_4\LAB_4\DEBUG\CUSTOMERDATA.OBJ
C:\USERS\JONDI\DROPBOX\SCHOOL\CSS343\LAB4\LAB_4\LAB_4\DEBUG\DRAMADVD.OBJ
C:\USERS\JONDI\DROPBOX\SCHOOL\CSS343\LAB4\LAB_4\LAB_4\DEBUG\DVDDUMMY.OBJ
C:\USERS\JONDI\DROPBOX\SCHOOL\CSS343\LAB4\LAB_4\LAB_4\DEBUG\HASHTABLE.OBJ
C:\USERS\JONDI\DROPBOX\SCHOOL\CSS343\LAB4\LAB_4\LAB_4\DEBUG\LAB_4.EXE.INTERMEDIATE.MANIFEST
C:\Users\Jondi\Dropbox\School\CSS343\Lab4\lab_4\lab_4\Debug\link.command.1.tlog
C:\Users\Jondi\Dropbox\School\CSS343\Lab4\lab_4\lab_4\Debug\link.read.1.tlog
C:\Users\Jondi\Dropbox\School\CSS343\Lab4\lab_4\lab_4\Debug\link.write.1.tlog
C:\USERS\JONDI\DROPBOX\SCHOOL\CSS343\LAB4\LAB_4\LAB_4\DEBUG\MAIN.OBJ
C:\USERS\JONDI\DROPBOX\SCHOOL\CSS343\LAB4\LAB_4\LAB_4\DEBUG\MANAGER.OBJ
C:\USERS\JONDI\DROPBOX\SCHOOL\CSS343\LAB4\LAB_4\LAB_4\DEBUG\MEDIA_BASE.OBJ
C:\USERS\JONDI\DROPBOX\SCHOOL\CSS343\LAB4\LAB_4\LAB_4\DEBUG\MEDIASTORE.OBJ
C:\Users\Jondi\Dropbox\School\CSS343\Lab4\lab_4\lab_4\Debug\mt.command.1.tlog
C:\Users\Jondi\Dropbox\School\CSS343\Lab4\lab_4\lab_4\Debug\mt.read.1.tlog
C:\Users\Jondi\Dropbox\School\CSS343\Lab4\lab_4\lab_4\Debug\mt.write.1.tlog
C:\Users\Jondi\Dropbox\School\CSS343\Lab4\lab_4\lab_4\Debug\vc100.idb
C:\USERS\JONDI\DROPBOX\SCHOOL\CSS343\LAB4\LAB_4\LAB_4\DEBUG\VC100.PDB
