Build started 3/14/2012 2:30:55 PM.
     1>Project "C:\Users\Jondi\Dropbox\School\CSS343\Lab4\lab_4\lab_4\lab_4.vcxproj" on node 2 (build target(s)).
     1>InitializeBuildStatus:
         Touching "Debug\lab_4.unsuccessfulbuild".
       ClCompile:
         c:\Program Files (x86)\Microsoft Visual Studio 10.0\VC\bin\CL.exe /c /ZI /nologo /W3 /WX- /Od /Oy- /D _MBCS /Gm /EHsc /RTC1 /MDd /GS /fp:precise /Zc:wchar_t /Zc:forScope /Fo"Debug\\" /Fd"Debug\vc100.pdb" /Gd /TP /analyze- /errorReport:prompt commandfile.cpp
         commandfile.cpp
     1>c:\users\jondi\dropbox\school\css343\lab4\lab_4\lab_4\commandfile.cpp(49): warning C4996: 'strcpy': This function or variable may be unsafe. Consider using strcpy_s instead. To disable deprecation, use _CRT_SECURE_NO_WARNINGS. See online help for details.
                 c:\program files (x86)\microsoft visual studio 10.0\vc\include\string.h(105) : see declaration of 'strcpy'
     1>c:\users\jondi\dropbox\school\css343\lab4\lab_4\lab_4\commandfile.cpp(50): warning C4996: 'strtok': This function or variable may be unsafe. Consider using strtok_s instead. To disable deprecation, use _CRT_SECURE_NO_WARNINGS. See online help for details.
                 c:\program files (x86)\microsoft visual studio 10.0\vc\include\string.h(197) : see declaration of 'strtok'
     1>c:\users\jondi\dropbox\school\css343\lab4\lab_4\lab_4\commandfile.cpp(51): warning C4996: 'strtok': This function or variable may be unsafe. Consider using strtok_s instead. To disable deprecation, use _CRT_SECURE_NO_WARNINGS. See online help for details.
                 c:\program files (x86)\microsoft visual studio 10.0\vc\include\string.h(197) : see declaration of 'strtok'
     1>c:\users\jondi\dropbox\school\css343\lab4\lab_4\lab_4\commandfile.cpp(52): warning C4996: 'strtok': This function or variable may be unsafe. Consider using strtok_s instead. To disable deprecation, use _CRT_SECURE_NO_WARNINGS. See online help for details.
                 c:\program files (x86)\microsoft visual studio 10.0\vc\include\string.h(197) : see declaration of 'strtok'
     1>c:\users\jondi\dropbox\school\css343\lab4\lab_4\lab_4\commandfile.cpp(56): warning C4996: 'strtok': This function or variable may be unsafe. Consider using strtok_s instead. To disable deprecation, use _CRT_SECURE_NO_WARNINGS. See online help for details.
                 c:\program files (x86)\microsoft visual studio 10.0\vc\include\string.h(197) : see declaration of 'strtok'
     1>c:\users\jondi\dropbox\school\css343\lab4\lab_4\lab_4\commandfile.cpp(57): warning C4996: 'strtok': This function or variable may be unsafe. Consider using strtok_s instead. To disable deprecation, use _CRT_SECURE_NO_WARNINGS. See online help for details.
                 c:\program files (x86)\microsoft visual studio 10.0\vc\include\string.h(197) : see declaration of 'strtok'
     1>c:\users\jondi\dropbox\school\css343\lab4\lab_4\lab_4\commandfile.cpp(61): warning C4996: 'strtok': This function or variable may be unsafe. Consider using strtok_s instead. To disable deprecation, use _CRT_SECURE_NO_WARNINGS. See online help for details.
                 c:\program files (x86)\microsoft visual studio 10.0\vc\include\string.h(197) : see declaration of 'strtok'
     1>c:\users\jondi\dropbox\school\css343\lab4\lab_4\lab_4\commandfile.cpp(62): warning C4996: 'strtok': This function or variable may be unsafe. Consider using strtok_s instead. To disable deprecation, use _CRT_SECURE_NO_WARNINGS. See online help for details.
                 c:\program files (x86)\microsoft visual studio 10.0\vc\include\string.h(197) : see declaration of 'strtok'
     1>c:\users\jondi\dropbox\school\css343\lab4\lab_4\lab_4\commandfile.cpp(63): warning C4996: 'strtok': This function or variable may be unsafe. Consider using strtok_s instead. To disable deprecation, use _CRT_SECURE_NO_WARNINGS. See online help for details.
                 c:\program files (x86)\microsoft visual studio 10.0\vc\include\string.h(197) : see declaration of 'strtok'
     1>c:\users\jondi\dropbox\school\css343\lab4\lab_4\lab_4\commandfile.cpp(67): warning C4996: 'strtok': This function or variable may be unsafe. Consider using strtok_s instead. To disable deprecation, use _CRT_SECURE_NO_WARNINGS. See online help for details.
                 c:\program files (x86)\microsoft visual studio 10.0\vc\include\string.h(197) : see declaration of 'strtok'
     1>c:\users\jondi\dropbox\school\css343\lab4\lab_4\lab_4\commandfile.cpp(68): warning C4996: 'strtok': This function or variable may be unsafe. Consider using strtok_s instead. To disable deprecation, use _CRT_SECURE_NO_WARNINGS. See online help for details.
                 c:\program files (x86)\microsoft visual studio 10.0\vc\include\string.h(197) : see declaration of 'strtok'
     1>c:\users\jondi\dropbox\school\css343\lab4\lab_4\lab_4\commandfile.cpp(75): warning C4996: 'strcpy': This function or variable may be unsafe. Consider using strcpy_s instead. To disable deprecation, use _CRT_SECURE_NO_WARNINGS. See online help for details.
                 c:\program files (x86)\microsoft visual studio 10.0\vc\include\string.h(105) : see declaration of 'strcpy'
     1>c:\users\jondi\dropbox\school\css343\lab4\lab_4\lab_4\commandfile.cpp(76): warning C4996: 'strtok': This function or variable may be unsafe. Consider using strtok_s instead. To disable deprecation, use _CRT_SECURE_NO_WARNINGS. See online help for details.
                 c:\program files (x86)\microsoft visual studio 10.0\vc\include\string.h(197) : see declaration of 'strtok'
       Link:
         c:\Program Files (x86)\Microsoft Visual Studio 10.0\VC\bin\link.exe /ERRORREPORT:PROMPT /OUT:"C:\Users\Jondi\Dropbox\School\CSS343\Lab4\lab_4\Debug\lab_4.exe" /NOLOGO kernel32.lib user32.lib gdi32.lib winspool.lib comdlg32.lib advapi32.lib shell32.lib ole32.lib oleaut32.lib uuid.lib odbc32.lib odbccp32.lib /MANIFEST /ManifestFile:"Debug\lab_4.exe.intermediate.manifest" /MANIFESTUAC:"level='asInvoker' uiAccess='false'" /DEBUG /PDB:"C:\Users\Jondi\Dropbox\School\CSS343\Lab4\lab_4\Debug\lab_4.pdb" /TLBID:1 /DYNAMICBASE /NXCOMPAT /IMPLIB:"C:\Users\Jondi\Dropbox\School\CSS343\Lab4\lab_4\Debug\lab_4.lib" /MACHINE:X86 /PROFILE Debug\bintree.obj
         Debug\classicdvd.obj
         Debug\comedydvd.obj
         Debug\commanddata.obj
         Debug\commandfile.obj
         Debug\command_base.obj
         Debug\customerdata.obj
         Debug\customer_base.obj
         Debug\customer_list.obj
         Debug\dramadvd.obj
         Debug\hashtable.obj
         Debug\main.obj
         Debug\manager.obj
         Debug\mediastore.obj
         Debug\media_base.obj
     1>bintree.obj : warning LNK4075: ignoring '/EDITANDCONTINUE' due to '/OPT:REF' specification
         lab_4.vcxproj -> C:\Users\Jondi\Dropbox\School\CSS343\Lab4\lab_4\Debug\lab_4.exe
       Manifest:
         C:\Program Files (x86)\Microsoft SDKs\Windows\v7.0A\bin\mt.exe /nologo /verbose /outputresource:"C:\Users\Jondi\Dropbox\School\CSS343\Lab4\lab_4\Debug\lab_4.exe;#1" /manifest Debug\lab_4.exe.intermediate.manifest
       FinalizeBuildStatus:
         Deleting file "Debug\lab_4.unsuccessfulbuild".
         Touching "Debug\lab_4.lastbuildstate".
     1>Done Building Project "C:\Users\Jondi\Dropbox\School\CSS343\Lab4\lab_4\lab_4\lab_4.vcxproj" (build target(s)).

Build succeeded.

Time Elapsed 00:00:01.17
