#
# A fatal error has been detected by the Java Runtime Environment:
#
#  SIGSEGV (0xb) at pc=0x000000010a9eb912, pid=25418, tid=20739
#
# JRE version: Java(TM) SE Runtime Environment (7.0_12-b05) (build 1.7.0_12-ea-b05)
# Java VM: Java HotSpot(TM) 64-Bit Server VM (24.0-b26 mixed mode bsd-amd64 compressed oops)
# Problematic frame:
# V  [libjvm.dylib+0x299912]  java_lang_String::length(oopDesc*)+0x54
#
# Failed to write core dump. Core dumps have been disabled. To enable core dumping, try "ulimit -c unlimited" before starting Java again
#
# If you would like to submit a bug report, please visit:
#   http://bugreport.sun.com/bugreport/crash.jsp
#

---------------  T H R E A D  ---------------

Current thread (0x00007ff8dc804800):  JavaThread "JDWP Transport Listener: dt_socket" daemon [_thread_in_vm, id=20739, stack(0x0000000194dc4000,0x0000000194ec4000)]

siginfo:si_signo=SIGSEGV: si_errno=0, si_code=1 (SEGV_MAPERR), si_addr=0x000000000000000c

Registers:
RAX=0x0000000000000000, RBX=0x0000000164b41498, RCX=0x000000000000000c, RDX=0x0000000000000000
RSP=0x0000000194ec3a60, RBP=0x0000000194ec3a60, RSI=0x00007ff8dc10cff8, RDI=0x0000000164b41498
R8 =0x0000000000000018, R9 =0x000000000000001e, R10=0x0000000000000000, R11=0x00007ff8dc301ec0
R12=0x00007ff8dc804800, R13=0x00007ff8d9816ba0, R14=0x0000000000000000, R15=0x0000000000000000
RIP=0x000000010a9eb912, EFLAGS=0x0000000000010202, ERR=0x0000000000000004
  TRAPNO=0x000000000000000e

Top of Stack: (sp=0x0000000194ec3a60)
0x0000000194ec3a60:   0000000194ec3a90 000000010aa1aec0
0x0000000194ec3a70:   0000000000000000 0000000000000000
0x0000000194ec3a80:   0000000164b41498 00007ff8dc8049d8
0x0000000194ec3a90:   0000000194ec3b00 000000010aa2a84a
0x0000000194ec3aa0:   00007ff8dc804800 00007ff8dc804800
0x0000000194ec3ab0:   0000000000000000 0000000000000000
0x0000000194ec3ac0:   00007ff8dc8049d8 00007ff8dc804800
0x0000000194ec3ad0:   00007ff8dc804800 0000000194ec3b58
0x0000000194ec3ae0:   00007ff8dc10cff8 00007ff8d9816ba0
0x0000000194ec3af0:   0000000194ec3ce0 00007ff8dc8049d8
0x0000000194ec3b00:   0000000194ec3b30 000000010b42765e
0x0000000194ec3b10:   0000000194ec3ce0 000000010b447da4
0x0000000194ec3b20:   0000000194ec3b58 000000010b453568
0x0000000194ec3b30:   0000000194ec3d50 000000010b42e75e
0x0000000194ec3b40:   00017ba200000013 0000000000010a00
0x0000000194ec3b50:   00007ff8d9819f10 0000000194ec3ba8
0x0000000194ec3b60:   00007ff80000012c 0000000194ec3b70
0x0000000194ec3b70:   00007ff800000000 0000000194ec3ba8
0x0000000194ec3b80:   0000000000000000 00007f0000000000
0x0000000194ec3b90:   00017ba200000018 00007fff00002180
0x0000000194ec3ba0:   0000000194ec3ba8 0000004c01000000
0x0000000194ec3bb0:   0000005f00000000 7f00006400000003
0x0000000194ec3bc0:   0000009090c1d8f8 0000001000000000
0x0000000194ec3bd0:   00000101007c0000 0000530000000000
0x0000000194ec3be0:   0000b0a2c1d8f87f 0000190000000000
0x0000000194ec3bf0:   000102007c000000 0054000000000000
0x0000000194ec3c00:   00788cc1d8f87f00 0005000000000000
0x0000000194ec3c10:   0103007c00000000 5100000000000000
0x0000000194ec3c20:   68a2c1d8f87f0000 0600000000000000
0x0000000194ec3c30:   04007c0000000000 0000000000000001
0x0000000194ec3c40:   90c1d8f87f00004c 0200000000000000
0x0000000194ec3c50:   007c000000000088 0000000000000105 

Instructions: (pc=0x000000010a9eb912)
0x000000010a9eb8f2:   eb 16 48 8d 35 35 97 48 00 8a 4e 08 48 d3 e2 48
0x000000010a9eb902:   03 16 eb 04 48 8b 14 0f 84 c0 0f 94 c0 0f b6 c0
0x000000010a9eb912:   8b 44 82 0c 5d c3 8b 04 07 5d c3 90 55 48 89 e5
0x000000010a9eb922:   f6 87 8d 00 00 00 02 75 04 31 ff eb 23 48 63 87 

Register to memory mapping:

RAX=0x0000000000000000 is an unknown value
RBX=0x0000000164b41498 is an oop
java.lang.String 
 - klass: 'java/lang/String'
RCX=0x000000000000000c is an unknown value
RDX=0x0000000000000000 is an unknown value
RSP=0x0000000194ec3a60 is pointing into the stack for thread: 0x00007ff8dc804800
RBP=0x0000000194ec3a60 is pointing into the stack for thread: 0x00007ff8dc804800
RSI=0x00007ff8dc10cff8 is a global jni handle
RDI=0x0000000164b41498 is an oop
java.lang.String 
 - klass: 'java/lang/String'
R8 =0x0000000000000018 is an unknown value
R9 =0x000000000000001e is an unknown value
R10=0x0000000000000000 is an unknown value
R11=0x00007ff8dc301ec0 is an unknown value
R12=0x00007ff8dc804800 is a thread
R13=0x00007ff8d9816ba0 is an unknown value
R14=0x0000000000000000 is an unknown value
R15=0x0000000000000000 is an unknown value


Stack: [0x0000000194dc4000,0x0000000194ec4000],  sp=0x0000000194ec3a60,  free space=1022k
Native frames: (J=compiled Java code, j=interpreted, Vv=VM code, C=native code)
V  [libjvm.dylib+0x299912]  java_lang_String::length(oopDesc*)+0x54
V  [libjvm.dylib+0x2c8ec0]  java_lang_String::utf8_length(oopDesc*)+0x38
V  [libjvm.dylib+0x2d884a]  jni_GetStringUTFChars+0x71
C  [libjdwp.dylib+0x765e]  value+0x96
C  [libjdwp.dylib+0xe75e]  debugLoop_run+0x1ce
C  [libjdwp.dylib+0x1f1ba]  attachThread+0x4d
V  [libjvm.dylib+0x346e92]  JvmtiAgentThread::call_start_function()+0x38
V  [libjvm.dylib+0x4b6fa1]  JavaThread::thread_main_inner()+0x9b
V  [libjvm.dylib+0x4b867b]  JavaThread::run()+0x1ab
V  [libjvm.dylib+0x3e8509]  java_start(Thread*)+0xad
C  [libsystem_c.dylib+0x14742]  _pthread_start+0x147
C  [libsystem_c.dylib+0x1181]  thread_start+0xd


---------------  P R O C E S S  ---------------

Java Threads: ( => current thread )
  0x00007ff8dc808800 JavaThread "Thread-5" [_thread_blocked, id=23299, stack(0x00000001959b2000,0x0000000195ab2000)]
  0x00007ff8db800800 JavaThread "DestroyJavaVM" [_thread_blocked, id=5891, stack(0x000000010b2e0000,0x000000010b3e0000)]
  0x00007ff8dc807800 JavaThread "Thread-3" [_thread_in_native, id=23043, stack(0x00000001958af000,0x00000001959af000)]
  0x00007ff8db01a000 JavaThread "Thread-1" [_thread_blocked, id=22787, stack(0x00000001956ba000,0x00000001957ba000)]
  0x00007ff8db019800 JavaThread "Thread-0" [_thread_blocked, id=22531, stack(0x000000019553a000,0x000000019563a000)]
  0x00007ff8d900c800 JavaThread "Service Thread" daemon [_thread_blocked, id=22019, stack(0x00000001952d3000,0x00000001953d3000)]
  0x00007ff8d901a000 JavaThread "C2 CompilerThread1" daemon [_thread_blocked, id=21763, stack(0x00000001951d0000,0x00000001952d0000)]
  0x00007ff8dd800000 JavaThread "C2 CompilerThread0" daemon [_thread_blocked, id=21507, stack(0x00000001950cd000,0x00000001951cd000)]
  0x00007ff8dc806000 JavaThread "JDWP Command Reader" daemon [_thread_in_native, id=21251, stack(0x0000000194fca000,0x00000001950ca000)]
  0x00007ff8dc805800 JavaThread "JDWP Event Helper Thread" daemon [_thread_blocked, id=20995, stack(0x0000000194ec7000,0x0000000194fc7000)]
=>0x00007ff8dc804800 JavaThread "JDWP Transport Listener: dt_socket" daemon [_thread_in_vm, id=20739, stack(0x0000000194dc4000,0x0000000194ec4000)]
  0x00007ff8db001000 JavaThread "Signal Dispatcher" daemon [_thread_blocked, id=20483, stack(0x0000000194cc1000,0x0000000194dc1000)]
  0x00007ff8d900e000 JavaThread "Finalizer" daemon [_thread_blocked, id=16131, stack(0x0000000194a72000,0x0000000194b72000)]
  0x00007ff8d900d000 JavaThread "Reference Handler" daemon [_thread_blocked, id=15875, stack(0x000000019496f000,0x0000000194a6f000)]

Other Threads:
  0x00007ff8db80e800 VMThread [stack: 0x000000019486c000,0x000000019496c000] [id=15619]
  0x00007ff8dd801000 WatcherThread [stack: 0x00000001953d6000,0x00000001954d6000] [id=22275]

VM state:not at safepoint (normal execution)

VM Mutex/Monitor currently owned by a thread: None

Heap
 PSYoungGen      total 36224K, used 7343K [0x0000000164530000, 0x0000000166d90000, 0x000000018cbd0000)
  eden space 31104K, 23% used [0x0000000164530000,0x0000000164c5bda8,0x0000000166390000)
  from space 5120K, 0% used [0x0000000166890000,0x0000000166890000,0x0000000166d90000)
  to   space 5120K, 0% used [0x0000000166390000,0x0000000166390000,0x0000000166890000)
 ParOldGen       total 82752K, used 0K [0x00000001137d0000, 0x00000001188a0000, 0x0000000164530000)
  object space 82752K, 0% used [0x00000001137d0000,0x00000001137d0000,0x00000001188a0000)
 PSPermGen       total 21248K, used 2774K [0x000000010e5d0000, 0x000000010fa90000, 0x00000001137d0000)
  object space 21248K, 13% used [0x000000010e5d0000,0x000000010e885ac0,0x000000010fa90000)

Card table byte_map: [0x000000018cbd0000,0x000000018cfc4000] byte_map_base: 0x000000018c35d180

Polling page: 0x000000010b41f000

Code Cache  [0x000000010b4f6000, 0x000000010b766000, 0x000000010e4f6000)
 total_blobs=191 nmethods=19 adapters=134 free_code_cache=48712Kb largest_free_block=49861312

Compilation events (10 events):
Event: 0.274 Thread 0x00007ff8dd800000 nmethod 13 0x000000010b559a10 code [0x000000010b559b80, 0x000000010b559fb8]
Event: 0.274 Thread 0x00007ff8dd800000   16   
Event: 0.274 Thread 0x00007ff8d901a000 nmethod 15 0x000000010b5594d0 code [0x000000010b559620, 0x000000010b559918]
Event: 0.276 Thread 0x00007ff8dd800000 nmethod 16 0x000000010b558c50 code [0x000000010b558dc0, 0x000000010b559138]
Event: 110.358 Thread 0x00007ff8d901a000   17   
Event: 110.398 Thread 0x00007ff8d901a000 nmethod 17 0x000000010b562ed0 code [0x000000010b5635c0, 0x000000010b566458]
Event: 110.399 Thread 0x00007ff8d901a000   18 % 
Event: 110.399 Thread 0x00007ff8dd800000   19   
Event: 110.401 Thread 0x00007ff8d901a000 nmethod 18% 0x000000010b55ca90 code [0x000000010b55cbe0, 0x000000010b55cfd8]
Event: 110.402 Thread 0x00007ff8dd800000 nmethod 19 0x000000010b55c650 code [0x000000010b55c7a0, 0x000000010b55c988]

GC Heap History (0 events):
No events

Deoptimization events (2 events):
Event: 0.268 Thread 0x00007ff8db019800 Uncommon trap -20 fr.pc 0x000000010b554bd8
Event: 4.273 Thread 0x00007ff8dc808800 Uncommon trap -20 fr.pc 0x000000010b560ce0

Internal exceptions (10 events):
Event: 0.249 Thread 0x00007ff8db800800 Threw 0x000000016469c2e8 at /HUDSON/workspace/jdk7u12-2-build-macosx-amd64-product/jdk7u12/hotspot/src/share/vm/prims/jvm.cpp:1171
Event: 0.253 Thread 0x00007ff8db800800 Threw 0x000000016469f078 at /HUDSON/workspace/jdk7u12-2-build-macosx-amd64-product/jdk7u12/hotspot/src/share/vm/prims/jvm.cpp:1171
Event: 0.254 Thread 0x00007ff8db800800 Threw 0x00000001646a2d38 at /HUDSON/workspace/jdk7u12-2-build-macosx-amd64-product/jdk7u12/hotspot/src/share/vm/prims/jvm.cpp:1171
Event: 0.255 Thread 0x00007ff8db800800 Threw 0x00000001646a4a70 at /HUDSON/workspace/jdk7u12-2-build-macosx-amd64-product/jdk7u12/hotspot/src/share/vm/prims/jvm.cpp:1171
Event: 0.255 Thread 0x00007ff8db800800 Threw 0x00000001646a67d8 at /HUDSON/workspace/jdk7u12-2-build-macosx-amd64-product/jdk7u12/hotspot/src/share/vm/prims/jvm.cpp:1171
Event: 0.266 Thread 0x00007ff8db800800 Threw 0x00000001649647c0 at /HUDSON/workspace/jdk7u12-2-build-macosx-amd64-product/jdk7u12/hotspot/src/share/vm/prims/jvm.cpp:1171
Event: 0.267 Thread 0x00007ff8db800800 Threw 0x0000000164967068 at /HUDSON/workspace/jdk7u12-2-build-macosx-amd64-product/jdk7u12/hotspot/src/share/vm/prims/jvm.cpp:1171
Event: 0.267 Thread 0x00007ff8db800800 Threw 0x00000001649695b8 at /HUDSON/workspace/jdk7u12-2-build-macosx-amd64-product/jdk7u12/hotspot/src/share/vm/prims/jvm.cpp:1171
Event: 3.781 Thread 0x00007ff8dc807800 Threw 0x0000000164a8a880 at /HUDSON/workspace/jdk7u12-2-build-macosx-amd64-product/jdk7u12/hotspot/src/share/vm/prims/jvm.cpp:1171
Event: 110.357 Thread 0x00007ff8dc808800 Threw 0x0000000164b3b490 at /HUDSON/workspace/jdk7u12-2-build-macosx-amd64-product/jdk7u12/hotspot/src/share/vm/prims/jvm.cpp:1171

Events (10 events):
Event: 134.168 Executing VM operation: GetCurrentLocation
Event: 134.169 Executing VM operation: GetCurrentLocation done
Event: 134.169 Executing VM operation: ChangeSingleStep
Event: 134.169 Executing VM operation: ChangeSingleStep done
Event: 134.169 Executing VM operation: ChangeSingleStep
Event: 134.169 Executing VM operation: ChangeSingleStep done
Event: 134.402 Executing VM operation: GetOrSetLocal
Event: 134.402 Executing VM operation: GetOrSetLocal done
Event: 134.402 Executing VM operation: GetOrSetLocal
Event: 134.402 Executing VM operation: GetOrSetLocal done


Dynamic libraries:
0x0000000006b64000 	/System/Library/Frameworks/Cocoa.framework/Versions/A/Cocoa
0x0000000006b64000 	/System/Library/Frameworks/Security.framework/Versions/A/Security
0x0000000006b64000 	/System/Library/Frameworks/ApplicationServices.framework/Versions/A/ApplicationServices
0x0000000006b64000 	/usr/lib/libz.1.dylib
0x0000000006b64000 	/usr/lib/libSystem.B.dylib
0x0000000006b64000 	/usr/lib/libobjc.A.dylib
0x0000000006b64000 	/System/Library/Frameworks/CoreFoundation.framework/Versions/A/CoreFoundation
0x0000000006b64000 	/System/Library/Frameworks/AppKit.framework/Versions/C/AppKit
0x0000000006b64000 	/System/Library/Frameworks/CoreData.framework/Versions/A/CoreData
0x0000000006b64000 	/System/Library/Frameworks/Foundation.framework/Versions/C/Foundation
0x0000000006b64000 	/System/Library/PrivateFrameworks/RemoteViewServices.framework/Versions/A/RemoteViewServices
0x0000000006b64000 	/System/Library/Frameworks/AudioToolbox.framework/Versions/A/AudioToolbox
0x0000000006b64000 	/System/Library/Frameworks/AudioUnit.framework/Versions/A/AudioUnit
0x0000000006b64000 	/System/Library/PrivateFrameworks/DataDetectorsCore.framework/Versions/A/DataDetectorsCore
0x0000000006b64000 	/System/Library/PrivateFrameworks/DesktopServicesPriv.framework/Versions/A/DesktopServicesPriv
0x0000000006b64000 	/System/Library/Frameworks/Carbon.framework/Versions/A/Frameworks/HIToolbox.framework/Versions/A/HIToolbox
0x0000000006b64000 	/System/Library/Frameworks/QuartzCore.framework/Versions/A/QuartzCore
0x0000000006b64000 	/System/Library/Frameworks/Carbon.framework/Versions/A/Frameworks/SpeechRecognition.framework/Versions/A/SpeechRecognition
0x0000000006b64000 	/usr/lib/libauto.dylib
0x0000000006b64000 	/usr/lib/libicucore.A.dylib
0x0000000006b64000 	/usr/lib/libxml2.2.dylib
0x0000000006b64000 	/System/Library/PrivateFrameworks/CoreUI.framework/Versions/A/CoreUI
0x0000000006b64000 	/System/Library/Frameworks/CoreAudio.framework/Versions/A/CoreAudio
0x0000000006b64000 	/System/Library/Frameworks/DiskArbitration.framework/Versions/A/DiskArbitration
0x0000000006b64000 	/usr/lib/liblangid.dylib
0x0000000006b64000 	/System/Library/PrivateFrameworks/MultitouchSupport.framework/Versions/A/MultitouchSupport
0x0000000006b64000 	/System/Library/Frameworks/IOKit.framework/Versions/A/IOKit
0x0000000006b64000 	/usr/lib/libDiagnosticMessagesClient.dylib
0x0000000006b64000 	/System/Library/Frameworks/CoreServices.framework/Versions/A/CoreServices
0x0000000006b64000 	/System/Library/PrivateFrameworks/PerformanceAnalysis.framework/Versions/A/PerformanceAnalysis
0x0000000006b64000 	/System/Library/PrivateFrameworks/GenerationalStorage.framework/Versions/A/GenerationalStorage
0x0000000006b64000 	/System/Library/Frameworks/OpenGL.framework/Versions/A/OpenGL
0x0000000006b64000 	/System/Library/Frameworks/CoreText.framework/Versions/A/CoreText
0x0000000006b64000 	/System/Library/Frameworks/ImageIO.framework/Versions/A/ImageIO
0x0000000006b64000 	/System/Library/PrivateFrameworks/Backup.framework/Versions/A/Backup
0x0000000006b64000 	/System/Library/Frameworks/CFNetwork.framework/Versions/A/CFNetwork
0x0000000006b64000 	/System/Library/Frameworks/SystemConfiguration.framework/Versions/A/SystemConfiguration
0x0000000006b64000 	/usr/lib/libCRFSuite.dylib
0x0000000006b64000 	/System/Library/PrivateFrameworks/TCC.framework/Versions/A/TCC
0x0000000006b64000 	/usr/lib/libc++.1.dylib
0x0000000006b64000 	/usr/lib/libc++abi.dylib
0x0000000006b64000 	/usr/lib/system/libcache.dylib
0x0000000006b64000 	/usr/lib/system/libcommonCrypto.dylib
0x0000000006b64000 	/usr/lib/system/libcompiler_rt.dylib
0x0000000006b64000 	/usr/lib/system/libcopyfile.dylib
0x0000000006b64000 	/usr/lib/system/libdispatch.dylib
0x0000000006b64000 	/usr/lib/system/libdnsinfo.dylib
0x0000000006b64000 	/usr/lib/system/libdyld.dylib
0x0000000006b64000 	/usr/lib/system/libkeymgr.dylib
0x0000000006b64000 	/usr/lib/system/liblaunch.dylib
0x0000000006b64000 	/usr/lib/system/libmacho.dylib
0x0000000006b64000 	/usr/lib/system/libquarantine.dylib
0x0000000006b64000 	/usr/lib/system/libremovefile.dylib
0x0000000006b64000 	/usr/lib/system/libsystem_blocks.dylib
0x0000000006b64000 	/usr/lib/system/libsystem_c.dylib
0x0000000006b64000 	/usr/lib/system/libsystem_dnssd.dylib
0x0000000006b64000 	/usr/lib/system/libsystem_info.dylib
0x0000000006b64000 	/usr/lib/system/libsystem_kernel.dylib
0x0000000006b64000 	/usr/lib/system/libsystem_m.dylib
0x0000000006b64000 	/usr/lib/system/libsystem_network.dylib
0x0000000006b64000 	/usr/lib/system/libsystem_notify.dylib
0x0000000006b64000 	/usr/lib/system/libsystem_sandbox.dylib
0x0000000006b64000 	/usr/lib/system/libunc.dylib
0x0000000006b64000 	/usr/lib/system/libunwind.dylib
0x0000000006b64000 	/usr/lib/system/libxpc.dylib
0x0000000006b64000 	/usr/lib/system/libcorecrypto.dylib
0x0000000006b64000 	/usr/lib/libstdc++.6.dylib
0x0000000006b64000 	/usr/lib/libbsm.0.dylib
0x0000000006b64000 	/usr/lib/libsqlite3.dylib
0x0000000006b64000 	/usr/lib/libxar.1.dylib
0x0000000006b64000 	/usr/lib/libpam.2.dylib
0x0000000006b64000 	/usr/lib/libOpenScriptingUtil.dylib
0x0000000006b64000 	/usr/lib/libbz2.1.0.dylib
0x0000000006b64000 	/System/Library/Frameworks/CoreServices.framework/Versions/A/Frameworks/CarbonCore.framework/Versions/A/CarbonCore
0x0000000006b64000 	/System/Library/Frameworks/CoreServices.framework/Versions/A/Frameworks/Metadata.framework/Versions/A/Metadata
0x0000000006b64000 	/System/Library/Frameworks/CoreServices.framework/Versions/A/Frameworks/OSServices.framework/Versions/A/OSServices
0x0000000006b64000 	/System/Library/Frameworks/CoreServices.framework/Versions/A/Frameworks/SearchKit.framework/Versions/A/SearchKit
0x0000000006b64000 	/System/Library/Frameworks/CoreServices.framework/Versions/A/Frameworks/AE.framework/Versions/A/AE
0x0000000006b64000 	/System/Library/Frameworks/CoreServices.framework/Versions/A/Frameworks/LaunchServices.framework/Versions/A/LaunchServices
0x0000000006b64000 	/System/Library/Frameworks/CoreServices.framework/Versions/A/Frameworks/DictionaryServices.framework/Versions/A/DictionaryServices
0x0000000006b64000 	/System/Library/Frameworks/NetFS.framework/Versions/A/NetFS
0x0000000006b64000 	/usr/lib/system/libkxld.dylib
0x0000000006b64000 	/System/Library/PrivateFrameworks/NetAuth.framework/Versions/A/NetAuth
0x0000000006b64000 	/System/Library/Frameworks/OpenDirectory.framework/Versions/A/Frameworks/CFOpenDirectory.framework/Versions/A/CFOpenDirectory
0x0000000006b64000 	/usr/lib/libxslt.1.dylib
0x0000000006b64000 	/System/Library/PrivateFrameworks/FamilyControls.framework/Versions/A/FamilyControls
0x0000000006b64000 	/System/Library/Frameworks/Carbon.framework/Versions/A/Frameworks/Ink.framework/Versions/A/Ink
0x0000000006b64000 	/System/Library/Frameworks/ApplicationServices.framework/Versions/A/Frameworks/CoreGraphics.framework/Versions/A/CoreGraphics
0x0000000006b64000 	/System/Library/Frameworks/ApplicationServices.framework/Versions/A/Frameworks/ATS.framework/Versions/A/ATS
0x0000000006b64000 	/System/Library/Frameworks/ApplicationServices.framework/Versions/A/Frameworks/ColorSync.framework/Versions/A/ColorSync
0x0000000006b64000 	/System/Library/Frameworks/ApplicationServices.framework/Versions/A/Frameworks/HIServices.framework/Versions/A/HIServices
0x0000000006b64000 	/System/Library/Frameworks/ApplicationServices.framework/Versions/A/Frameworks/LangAnalysis.framework/Versions/A/LangAnalysis
0x0000000006b64000 	/System/Library/Frameworks/ApplicationServices.framework/Versions/A/Frameworks/PrintCore.framework/Versions/A/PrintCore
0x0000000006b64000 	/System/Library/Frameworks/ApplicationServices.framework/Versions/A/Frameworks/QD.framework/Versions/A/QD
0x0000000006b64000 	/System/Library/Frameworks/ApplicationServices.framework/Versions/A/Frameworks/SpeechSynthesis.framework/Versions/A/SpeechSynthesis
0x0000000006b64000 	/System/Library/Frameworks/IOSurface.framework/Versions/A/IOSurface
0x0000000006b64000 	/System/Library/Frameworks/Accelerate.framework/Versions/A/Accelerate
0x0000000006b64000 	/System/Library/Frameworks/ApplicationServices.framework/Versions/A/Frameworks/ATS.framework/Versions/A/Resources/libFontParser.dylib
0x0000000006b64000 	/System/Library/Frameworks/ApplicationServices.framework/Versions/A/Frameworks/ATS.framework/Versions/A/Resources/libFontRegistry.dylib
0x0000000006b64000 	/System/Library/Frameworks/Accelerate.framework/Versions/A/Frameworks/vImage.framework/Versions/A/vImage
0x0000000006b64000 	/System/Library/Frameworks/Accelerate.framework/Versions/A/Frameworks/vecLib.framework/Versions/A/vecLib
0x0000000006b64000 	/System/Library/Frameworks/Accelerate.framework/Versions/A/Frameworks/vecLib.framework/Versions/A/libvDSP.dylib
0x0000000006b64000 	/System/Library/Frameworks/Accelerate.framework/Versions/A/Frameworks/vecLib.framework/Versions/A/libvMisc.dylib
0x0000000006b64000 	/System/Library/Frameworks/Accelerate.framework/Versions/A/Frameworks/vecLib.framework/Versions/A/libLAPACK.dylib
0x0000000006b64000 	/System/Library/Frameworks/Accelerate.framework/Versions/A/Frameworks/vecLib.framework/Versions/A/libBLAS.dylib
0x0000000006b64000 	/System/Library/Frameworks/ImageIO.framework/Versions/A/Resources/libJPEG.dylib
0x0000000006b64000 	/System/Library/Frameworks/ImageIO.framework/Versions/A/Resources/libTIFF.dylib
0x0000000006b64000 	/System/Library/Frameworks/ImageIO.framework/Versions/A/Resources/libPng.dylib
0x0000000006b64000 	/System/Library/Frameworks/ImageIO.framework/Versions/A/Resources/libGIF.dylib
0x0000000006b64000 	/System/Library/Frameworks/ImageIO.framework/Versions/A/Resources/libJP2.dylib
0x0000000006b64000 	/System/Library/Frameworks/ImageIO.framework/Versions/A/Resources/libRadiance.dylib
0x0000000006b64000 	/usr/lib/libcups.2.dylib
0x0000000006b64000 	/System/Library/Frameworks/Kerberos.framework/Versions/A/Kerberos
0x0000000006b64000 	/System/Library/Frameworks/GSS.framework/Versions/A/GSS
0x0000000006b64000 	/usr/lib/libresolv.9.dylib
0x0000000006b64000 	/usr/lib/libiconv.2.dylib
0x0000000006b64000 	/System/Library/PrivateFrameworks/Heimdal.framework/Versions/A/Heimdal
0x0000000006b64000 	/System/Library/PrivateFrameworks/TrustEvaluationAgent.framework/Versions/A/TrustEvaluationAgent
0x0000000006b64000 	/System/Library/Frameworks/OpenDirectory.framework/Versions/A/OpenDirectory
0x0000000006b64000 	/System/Library/PrivateFrameworks/CommonAuth.framework/Versions/A/CommonAuth
0x0000000006b64000 	/System/Library/PrivateFrameworks/Bom.framework/Versions/A/Bom
0x0000000006b64000 	/System/Library/Frameworks/CoreVideo.framework/Versions/A/CoreVideo
0x0000000006b64000 	/System/Library/Frameworks/QuartzCore.framework/Versions/A/Frameworks/CoreImage.framework/Versions/A/CoreImage
0x0000000006b64000 	/System/Library/Frameworks/QuartzCore.framework/Versions/A/Frameworks/ScalableUserInterface.framework/Versions/A/ScalableUserInterface
0x0000000006b64000 	/System/Library/Frameworks/OpenGL.framework/Versions/A/Libraries/libGLU.dylib
0x0000000006b64000 	/System/Library/Frameworks/OpenGL.framework/Versions/A/Libraries/libGFXShared.dylib
0x0000000006b64000 	/System/Library/Frameworks/OpenGL.framework/Versions/A/Libraries/libGL.dylib
0x0000000006b64000 	/System/Library/Frameworks/OpenGL.framework/Versions/A/Libraries/libGLImage.dylib
0x0000000006b64000 	/System/Library/Frameworks/OpenGL.framework/Versions/A/Libraries/libCVMSPluginSupport.dylib
0x0000000006b64000 	/System/Library/Frameworks/OpenGL.framework/Versions/A/Libraries/libCoreVMClient.dylib
0x0000000006b64000 	/System/Library/PrivateFrameworks/CrashReporterSupport.framework/Versions/A/CrashReporterSupport
0x0000000006b64000 	/System/Library/Frameworks/OpenCL.framework/Versions/A/OpenCL
0x0000000006b64000 	/System/Library/PrivateFrameworks/FaceCoreLight.framework/Versions/A/FaceCoreLight
0x0000000006b64000 	/System/Library/PrivateFrameworks/AppleFSCompression.framework/Versions/A/AppleFSCompression
0x0000000006b64000 	/System/Library/PrivateFrameworks/Ubiquity.framework/Versions/A/Ubiquity
0x0000000006b64000 	/System/Library/Frameworks/ServiceManagement.framework/Versions/A/ServiceManagement
0x0000000006b64000 	/System/Library/PrivateFrameworks/ChunkingLibrary.framework/Versions/A/ChunkingLibrary
0x0000000006b64000 	/System/Library/Frameworks/vecLib.framework/Versions/A/vecLib
0x0000000006b64000 	/System/Library/Frameworks/SecurityFoundation.framework/Versions/A/SecurityFoundation
0x0000000006b64000 	/System/Library/PrivateFrameworks/CommerceKit.framework/Versions/A/Frameworks/CommerceCore.framework/Versions/A/CommerceCore
0x0000000006b64000 	/System/Library/PrivateFrameworks/CoreSymbolication.framework/Versions/A/CoreSymbolication
0x0000000006b64000 	/System/Library/PrivateFrameworks/Symbolication.framework/Versions/A/Symbolication
0x0000000006b64000 	/System/Library/PrivateFrameworks/DebugSymbols.framework/Versions/A/DebugSymbols
0x000000010a752000 	/Library/Java/JavaVirtualMachines/jdk1.7.0_12.jdk/Contents/Home/jre/lib/server/libjvm.dylib
0x000000010b3e2000 	/Library/Java/JavaVirtualMachines/jdk1.7.0_12.jdk/Contents/Home/jre/lib/libverify.dylib
0x000000010b3ef000 	/Library/Java/JavaVirtualMachines/jdk1.7.0_12.jdk/Contents/Home/jre/lib/libjava.dylib
0x000000010b420000 	/Library/Java/JavaVirtualMachines/jdk1.7.0_12.jdk/Contents/Home/jre/lib/libjdwp.dylib
0x000000010b45d000 	/Library/Java/JavaVirtualMachines/jdk1.7.0_12.jdk/Contents/Home/jre/lib/./libnpt.dylib
0x000000010b4ed000 	/Library/Java/JavaVirtualMachines/jdk1.7.0_12.jdk/Contents/Home/jre/lib/libzip.dylib
0x0000000194b74000 	/System/Library/Frameworks/JavaVM.framework/Frameworks/JavaRuntimeSupport.framework/JavaRuntimeSupport
0x0000000194b8c000 	/System/Library/Frameworks/JavaVM.framework/Versions/A/Frameworks/JavaNativeFoundation.framework/Versions/A/JavaNativeFoundation
0x0000000194ba1000 	/System/Library/Frameworks/JavaVM.framework/Versions/A/JavaVM
0x0000000006b64000 	/System/Library/Frameworks/Carbon.framework/Versions/A/Carbon
0x0000000194bae000 	/System/Library/PrivateFrameworks/JavaLaunching.framework/Versions/A/JavaLaunching
0x0000000006b64000 	/System/Library/Frameworks/Carbon.framework/Versions/A/Frameworks/CommonPanels.framework/Versions/A/CommonPanels
0x0000000006b64000 	/System/Library/Frameworks/Carbon.framework/Versions/A/Frameworks/Help.framework/Versions/A/Help
0x0000000006b64000 	/System/Library/Frameworks/Carbon.framework/Versions/A/Frameworks/ImageCapture.framework/Versions/A/ImageCapture
0x0000000006b64000 	/System/Library/Frameworks/Carbon.framework/Versions/A/Frameworks/OpenScripting.framework/Versions/A/OpenScripting
0x0000000006b64000 	/System/Library/Frameworks/Carbon.framework/Versions/A/Frameworks/Print.framework/Versions/A/Print
0x0000000006b64000 	/System/Library/Frameworks/Carbon.framework/Versions/A/Frameworks/SecurityHI.framework/Versions/A/SecurityHI
0x000000010e5b9000 	/Library/Java/JavaVirtualMachines/jdk1.7.0_12.jdk/Contents/Home/jre/lib/libdt_socket.dylib

VM Arguments:
jvm_args: -Xdebug -Xrunjdwp:transport=dt_socket,address=localhost:59888 -Dfile.encoding=UTF-8 
java_command: Boot
Launcher Type: SUN_STANDARD

Environment Variables:
PATH=/usr/bin:/bin:/usr/sbin:/sbin
LD_LIBRARY_PATH=/System/Library/Java/JavaVirtualMachines/1.6.0.jdk/Contents/Home/jre/lib/amd64:/System/Library/Java/JavaVirtualMachines/1.6.0.jdk/Contents/Home/jre/lib/i386:
SHELL=/bin/bash
DISPLAY=/tmp/launch-Clom7v/org.macosforge.xquartz:0

Signal Handlers:
SIGSEGV: [libjvm.dylib+0x4ec88f], sa_mask[0]=0xfffefeff, sa_flags=0x00000042
SIGBUS: [libjvm.dylib+0x4ec88f], sa_mask[0]=0xfffefeff, sa_flags=0x00000042
SIGFPE: [libjvm.dylib+0x3e6128], sa_mask[0]=0xfffefeff, sa_flags=0x00000042
SIGPIPE: [libjvm.dylib+0x3e6128], sa_mask[0]=0xfffefeff, sa_flags=0x00000042
SIGXFSZ: [libjvm.dylib+0x3e6128], sa_mask[0]=0xfffefeff, sa_flags=0x00000042
SIGILL: [libjvm.dylib+0x3e6128], sa_mask[0]=0xfffefeff, sa_flags=0x00000042
SIGUSR1: SIG_DFL, sa_mask[0]=0x00000000, sa_flags=0x00000002
SIGUSR2: [libjvm.dylib+0x3e5cc4], sa_mask[0]=0x00000004, sa_flags=0x00000042
SIGHUP: [libjvm.dylib+0x3e413b], sa_mask[0]=0xfffefeff, sa_flags=0x00000042
SIGINT: SIG_IGN, sa_mask[0]=0x00000000, sa_flags=0x00000000
SIGTERM: [libjvm.dylib+0x3e413b], sa_mask[0]=0xfffefeff, sa_flags=0x00000042
SIGQUIT: [libjvm.dylib+0x3e413b], sa_mask[0]=0xfffefeff, sa_flags=0x00000042


---------------  S Y S T E M  ---------------

OS:Bsduname:Darwin 12.2.0 Darwin Kernel Version 12.2.0: Sat Aug 25 00:48:52 PDT 2012; root:xnu-2050.18.24~1/RELEASE_X86_64 x86_64
rlimit: STACK 8192k, CORE 0k, NPROC 709, NOFILE 10240, AS infinity
load average:0.78 0.82 0.83

CPU:total 8 (4 cores per cpu, 2 threads per core) family 6 model 58 stepping 9, cmov, cx8, fxsr, mmx, sse, sse2, sse3, ssse3, sse4.1, sse4.2, popcnt, avx, aes, ht, tsc, tscinvbit, tscinv

Memory: 4k page, physical 7941168k(1985292k free)

/proc/meminfo:


vm_info: Java HotSpot(TM) 64-Bit Server VM (24.0-b26) for bsd-amd64 JRE (1.7.0_12-ea-b05), built on Dec 12 2012 06:27:25 by "java_re" with gcc 4.2.1 (Based on Apple Inc. build 5658) (LLVM build 2336.9.00)

time: Fri Dec 14 12:11:52 2012
elapsed time: 134 seconds

