#
# A fatal error has been detected by the Java Runtime Environment:
#
#  SIGSEGV (0xb) at pc=0x000000010e4f0912, pid=25527, tid=20739
#
# JRE version: Java(TM) SE Runtime Environment (7.0_12-b05) (build 1.7.0_12-ea-b05)
# Java VM: Java HotSpot(TM) 64-Bit Server VM (24.0-b26 mixed mode bsd-amd64 compressed oops)
# Problematic frame:
# V  [libjvm.dylib+0x299912]  java_lang_String::length(oopDesc*)+0x54
#
# Failed to write core dump. Core dumps have been disabled. To enable core dumping, try "ulimit -c unlimited" before starting Java again
#
# If you would like to submit a bug report, please visit:
#   http://bugreport.sun.com/bugreport/crash.jsp
#

---------------  T H R E A D  ---------------

Current thread (0x00007fddac868000):  JavaThread "JDWP Transport Listener: dt_socket" daemon [_thread_in_vm, id=20739, stack(0x00000001986b4000,0x00000001987b4000)]

siginfo:si_signo=SIGSEGV: si_errno=0, si_code=1 (SEGV_MAPERR), si_addr=0x000000000000000c

Registers:
RAX=0x0000000000000000, RBX=0x00000001685694a0, RCX=0x000000000000000c, RDX=0x0000000000000000
RSP=0x00000001987b3a60, RBP=0x00000001987b3a60, RSI=0x00007fddab421200, RDI=0x00000001685694a0
R8 =0x0000000000000018, R9 =0x0000000000000004, R10=0x0000000000000000, R11=0x00007fddaea07300
R12=0x00007fddac868000, R13=0x00007fddab422940, R14=0x0000000000000000, R15=0x0000000000000000
RIP=0x000000010e4f0912, EFLAGS=0x0000000000010202, ERR=0x0000000000000004
  TRAPNO=0x000000000000000e

Top of Stack: (sp=0x00000001987b3a60)
0x00000001987b3a60:   00000001987b3a90 000000010e51fec0
0x00000001987b3a70:   0000000000000000 0000000000000000
0x00000001987b3a80:   00000001685694a0 00007fddac8681d8
0x00000001987b3a90:   00000001987b3b00 000000010e52f84a
0x00000001987b3aa0:   00007fddac868000 00007fddac868000
0x00000001987b3ab0:   0000000000000000 0000000000000000
0x00000001987b3ac0:   00007fddac8681d8 00007fddac868000
0x00000001987b3ad0:   00007fddac868000 00000001987b3b58
0x00000001987b3ae0:   00007fddab421200 00007fddab422940
0x00000001987b3af0:   00000001987b3ce0 00007fddac8681d8
0x00000001987b3b00:   00000001987b3b30 000000010ef2c65e
0x00000001987b3b10:   00000001987b3ce0 000000010ef4cda4
0x00000001987b3b20:   00000001987b3b58 000000010ef58568
0x00000001987b3b30:   00000001987b3d50 000000010ef3375e
0x00000001987b3b40:   0002a9e300000013 0000000000010a00
0x00000001987b3b50:   00007fddab420f90 00000001987b3ba8
0x00000001987b3b60:   00007fdd0000012c 00000001987b3b70
0x00000001987b3b70:   00007fdd00000000 00000001987b3ba8
0x00000001987b3b80:   0000000000000000 00007f0000000000
0x00000001987b3b90:   0002a9e300000018 00007fff00002180
0x00000001987b3ba0:   00000001987b3ba8 0000004c01000000
0x00000001987b3bb0:   0000005f00000000 7f00006400000003
0x00000001987b3bc0:   00000080d441abdd 0000001000000000
0x00000001987b3bd0:   00000101003d0000 0000530000000000
0x00000001987b3be0:   000040d041abdd7f 0000190000000000
0x00000001987b3bf0:   000102003d000000 0054000000000000
0x00000001987b3c00:   0068d041abdd7f00 0005000000000000
0x00000001987b3c10:   0103003d00000000 5100000000000000
0x00000001987b3c20:   a8cf41abdd7f0000 0600000000000000
0x00000001987b3c30:   04003d0000000000 0000000000000001
0x00000001987b3c40:   d341abdd7f00004c 02000000000000f0
0x00000001987b3c50:   003d000000000088 0000000000000105 

Instructions: (pc=0x000000010e4f0912)
0x000000010e4f08f2:   eb 16 48 8d 35 35 97 48 00 8a 4e 08 48 d3 e2 48
0x000000010e4f0902:   03 16 eb 04 48 8b 14 0f 84 c0 0f 94 c0 0f b6 c0
0x000000010e4f0912:   8b 44 82 0c 5d c3 8b 04 07 5d c3 90 55 48 89 e5
0x000000010e4f0922:   f6 87 8d 00 00 00 02 75 04 31 ff eb 23 48 63 87 

Register to memory mapping:

RAX=0x0000000000000000 is an unknown value
RBX=0x00000001685694a0 is an oop
java.lang.String 
 - klass: 'java/lang/String'
RCX=0x000000000000000c is an unknown value
RDX=0x0000000000000000 is an unknown value
RSP=0x00000001987b3a60 is pointing into the stack for thread: 0x00007fddac868000
RBP=0x00000001987b3a60 is pointing into the stack for thread: 0x00007fddac868000
RSI=0x00007fddab421200 is a global jni handle
RDI=0x00000001685694a0 is an oop
java.lang.String 
 - klass: 'java/lang/String'
R8 =0x0000000000000018 is an unknown value
R9 =0x0000000000000004 is an unknown value
R10=0x0000000000000000 is an unknown value
R11=0x00007fddaea07300 is an unknown value
R12=0x00007fddac868000 is a thread
R13=0x00007fddab422940 is an unknown value
R14=0x0000000000000000 is an unknown value
R15=0x0000000000000000 is an unknown value


Stack: [0x00000001986b4000,0x00000001987b4000],  sp=0x00000001987b3a60,  free space=1022k
Native frames: (J=compiled Java code, j=interpreted, Vv=VM code, C=native code)
V  [libjvm.dylib+0x299912]  java_lang_String::length(oopDesc*)+0x54
V  [libjvm.dylib+0x2c8ec0]  java_lang_String::utf8_length(oopDesc*)+0x38
V  [libjvm.dylib+0x2d884a]  jni_GetStringUTFChars+0x71
C  [libjdwp.dylib+0x765e]  value+0x96
C  [libjdwp.dylib+0xe75e]  debugLoop_run+0x1ce
C  [libjdwp.dylib+0x1f1ba]  attachThread+0x4d
V  [libjvm.dylib+0x346e92]  JvmtiAgentThread::call_start_function()+0x38
V  [libjvm.dylib+0x4b6fa1]  JavaThread::thread_main_inner()+0x9b
V  [libjvm.dylib+0x4b867b]  JavaThread::run()+0x1ab
V  [libjvm.dylib+0x3e8509]  java_start(Thread*)+0xad
C  [libsystem_c.dylib+0x14742]  _pthread_start+0x147
C  [libsystem_c.dylib+0x1181]  thread_start+0xd


---------------  P R O C E S S  ---------------

Java Threads: ( => current thread )
  0x00007fddab80e000 JavaThread "Thread-5" [_thread_blocked, id=16391, stack(0x00000001992a2000,0x00000001993a2000)]
  0x00007fddad011800 JavaThread "DestroyJavaVM" [_thread_blocked, id=5891, stack(0x000000010ede5000,0x000000010eee5000)]
  0x00007fddac878000 JavaThread "Thread-3" [_thread_in_native, id=23043, stack(0x000000019919f000,0x000000019929f000)]
  0x00007fddb003f000 JavaThread "Thread-1" [_thread_blocked, id=22787, stack(0x0000000198faa000,0x00000001990aa000)]
  0x00007fddad801800 JavaThread "Thread-0" [_thread_blocked, id=22531, stack(0x0000000198e2a000,0x0000000198f2a000)]
  0x00007fddb0003000 JavaThread "Service Thread" daemon [_thread_blocked, id=22019, stack(0x0000000198bc3000,0x0000000198cc3000)]
  0x00007fddb0002800 JavaThread "C2 CompilerThread1" daemon [_thread_blocked, id=21763, stack(0x0000000198ac0000,0x0000000198bc0000)]
  0x00007fddb0000000 JavaThread "C2 CompilerThread0" daemon [_thread_blocked, id=21507, stack(0x00000001989bd000,0x0000000198abd000)]
  0x00007fddad000800 JavaThread "JDWP Command Reader" daemon [_thread_in_native, id=21251, stack(0x00000001988ba000,0x00000001989ba000)]
  0x00007fddac867800 JavaThread "JDWP Event Helper Thread" daemon [_thread_blocked, id=20995, stack(0x00000001987b7000,0x00000001988b7000)]
=>0x00007fddac868000 JavaThread "JDWP Transport Listener: dt_socket" daemon [_thread_in_vm, id=20739, stack(0x00000001986b4000,0x00000001987b4000)]
  0x00007fddac863800 JavaThread "Signal Dispatcher" daemon [_thread_blocked, id=20483, stack(0x00000001985ab000,0x00000001986ab000)]
  0x00007fddac843000 JavaThread "Finalizer" daemon [_thread_blocked, id=16131, stack(0x000000019835c000,0x000000019845c000)]
  0x00007fddac842000 JavaThread "Reference Handler" daemon [_thread_blocked, id=15875, stack(0x0000000198259000,0x0000000198359000)]

Other Threads:
  0x00007fddac841800 VMThread [stack: 0x0000000198156000,0x0000000198256000] [id=15619]
  0x00007fddb000c000 WatcherThread [stack: 0x0000000198cc6000,0x0000000198dc6000] [id=22275]

VM state:not at safepoint (normal execution)

VM Mutex/Monitor currently owned by a thread: None

Heap
 PSYoungGen      total 36224K, used 7343K [0x0000000167ed0000, 0x000000016a730000, 0x00000001904d0000)
  eden space 31104K, 23% used [0x0000000167ed0000,0x00000001685fbdd8,0x0000000169d30000)
  from space 5120K, 0% used [0x000000016a230000,0x000000016a230000,0x000000016a730000)
  to   space 5120K, 0% used [0x0000000169d30000,0x0000000169d30000,0x000000016a230000)
 ParOldGen       total 82688K, used 0K [0x00000001172d0000, 0x000000011c390000, 0x0000000167ed0000)
  object space 82688K, 0% used [0x00000001172d0000,0x00000001172d0000,0x000000011c390000)
 PSPermGen       total 21248K, used 2768K [0x00000001120d0000, 0x0000000113590000, 0x00000001172d0000)
  object space 21248K, 13% used [0x00000001120d0000,0x00000001123843c8,0x0000000113590000)

Card table byte_map: [0x00000001904d0000,0x00000001908c3000] byte_map_base: 0x000000018fc3f980

Polling page: 0x000000010ef24000

Code Cache  [0x000000010effb000, 0x000000010f26b000, 0x0000000111ffb000)
 total_blobs=190 nmethods=18 adapters=134 free_code_cache=48714Kb largest_free_block=49852224

Compilation events (10 events):
Event: 0.264 Thread 0x00007fddb0002800 nmethod 14 0x000000010f05c610 code [0x000000010f05c760, 0x000000010f05ca58]
Event: 0.265 Thread 0x00007fddb0002800   15  s
Event: 0.266 Thread 0x00007fddb0000000 nmethod 13 0x000000010f05ee10 code [0x000000010f05ef80, 0x000000010f05f3b8]
Event: 0.266 Thread 0x00007fddb0000000   16   
Event: 0.267 Thread 0x00007fddb0002800 nmethod 15 0x000000010f05e8d0 code [0x000000010f05ea20, 0x000000010f05ed18]
Event: 0.268 Thread 0x00007fddb0000000 nmethod 16 0x000000010f066490 code [0x000000010f066600, 0x000000010f066978]
Event: 6.063 Thread 0x00007fddb0002800   17   
Event: 6.103 Thread 0x00007fddb0002800 nmethod 17 0x000000010f06a310 code [0x000000010f06aa00, 0x000000010f06d7b8]
Event: 35.362 Thread 0x00007fddb0000000   18   
Event: 35.365 Thread 0x00007fddb0000000 nmethod 18 0x000000010f05e450 code [0x000000010f05e5a0, 0x000000010f05e788]

GC Heap History (0 events):
No events

Deoptimization events (2 events):
Event: 0.263 Thread 0x00007fddad801800 Uncommon trap -20 fr.pc 0x000000010f059bd8
Event: 6.063 Thread 0x00007fddac878000 Uncommon trap -20 fr.pc 0x000000010f062a00

Internal exceptions (10 events):
Event: 0.236 Thread 0x00007fddad800000 Threw 0x000000016803c318 at /HUDSON/workspace/jdk7u12-2-build-macosx-amd64-product/jdk7u12/hotspot/src/share/vm/prims/jvm.cpp:1171
Event: 0.244 Thread 0x00007fddad800000 Threw 0x000000016803f0a8 at /HUDSON/workspace/jdk7u12-2-build-macosx-amd64-product/jdk7u12/hotspot/src/share/vm/prims/jvm.cpp:1171
Event: 0.245 Thread 0x00007fddad800000 Threw 0x0000000168042d68 at /HUDSON/workspace/jdk7u12-2-build-macosx-amd64-product/jdk7u12/hotspot/src/share/vm/prims/jvm.cpp:1171
Event: 0.246 Thread 0x00007fddad800000 Threw 0x0000000168044aa0 at /HUDSON/workspace/jdk7u12-2-build-macosx-amd64-product/jdk7u12/hotspot/src/share/vm/prims/jvm.cpp:1171
Event: 0.246 Thread 0x00007fddad800000 Threw 0x0000000168046808 at /HUDSON/workspace/jdk7u12-2-build-macosx-amd64-product/jdk7u12/hotspot/src/share/vm/prims/jvm.cpp:1171
Event: 0.260 Thread 0x00007fddad800000 Threw 0x00000001683047f0 at /HUDSON/workspace/jdk7u12-2-build-macosx-amd64-product/jdk7u12/hotspot/src/share/vm/prims/jvm.cpp:1171
Event: 0.261 Thread 0x00007fddad800000 Threw 0x0000000168307098 at /HUDSON/workspace/jdk7u12-2-build-macosx-amd64-product/jdk7u12/hotspot/src/share/vm/prims/jvm.cpp:1171
Event: 0.262 Thread 0x00007fddad800000 Threw 0x00000001683095e8 at /HUDSON/workspace/jdk7u12-2-build-macosx-amd64-product/jdk7u12/hotspot/src/share/vm/prims/jvm.cpp:1171
Event: 6.064 Thread 0x00007fddac878000 Threw 0x000000016842a8b0 at /HUDSON/workspace/jdk7u12-2-build-macosx-amd64-product/jdk7u12/hotspot/src/share/vm/prims/jvm.cpp:1171
Event: 35.319 Thread 0x00007fddab80e000 Threw 0x0000000168563348 at /HUDSON/workspace/jdk7u12-2-build-macosx-amd64-product/jdk7u12/hotspot/src/share/vm/prims/jvm.cpp:1171

Events (10 events):
Event: 96.719 Executing VM operation: GetCurrentLocation
Event: 96.719 Executing VM operation: GetCurrentLocation done
Event: 96.719 Executing VM operation: ChangeSingleStep
Event: 96.719 Executing VM operation: ChangeSingleStep done
Event: 96.719 Executing VM operation: ChangeSingleStep
Event: 96.719 Executing VM operation: ChangeSingleStep done
Event: 97.026 Executing VM operation: GetOrSetLocal
Event: 97.026 Executing VM operation: GetOrSetLocal done
Event: 97.026 Executing VM operation: GetOrSetLocal
Event: 97.026 Executing VM operation: GetOrSetLocal done


Dynamic libraries:
0x0000000006b64000 	/System/Library/Frameworks/Cocoa.framework/Versions/A/Cocoa
0x0000000006b64000 	/System/Library/Frameworks/Security.framework/Versions/A/Security
0x0000000006b64000 	/System/Library/Frameworks/ApplicationServices.framework/Versions/A/ApplicationServices
0x0000000006b64000 	/usr/lib/libz.1.dylib
0x0000000006b64000 	/usr/lib/libSystem.B.dylib
0x0000000006b64000 	/usr/lib/libobjc.A.dylib
0x0000000006b64000 	/System/Library/Frameworks/CoreFoundation.framework/Versions/A/CoreFoundation
0x0000000006b64000 	/System/Library/Frameworks/AppKit.framework/Versions/C/AppKit
0x0000000006b64000 	/System/Library/Frameworks/CoreData.framework/Versions/A/CoreData
0x0000000006b64000 	/System/Library/Frameworks/Foundation.framework/Versions/C/Foundation
0x0000000006b64000 	/System/Library/PrivateFrameworks/RemoteViewServices.framework/Versions/A/RemoteViewServices
0x0000000006b64000 	/System/Library/Frameworks/AudioToolbox.framework/Versions/A/AudioToolbox
0x0000000006b64000 	/System/Library/Frameworks/AudioUnit.framework/Versions/A/AudioUnit
0x0000000006b64000 	/System/Library/PrivateFrameworks/DataDetectorsCore.framework/Versions/A/DataDetectorsCore
0x0000000006b64000 	/System/Library/PrivateFrameworks/DesktopServicesPriv.framework/Versions/A/DesktopServicesPriv
0x0000000006b64000 	/System/Library/Frameworks/Carbon.framework/Versions/A/Frameworks/HIToolbox.framework/Versions/A/HIToolbox
0x0000000006b64000 	/System/Library/Frameworks/QuartzCore.framework/Versions/A/QuartzCore
0x0000000006b64000 	/System/Library/Frameworks/Carbon.framework/Versions/A/Frameworks/SpeechRecognition.framework/Versions/A/SpeechRecognition
0x0000000006b64000 	/usr/lib/libauto.dylib
0x0000000006b64000 	/usr/lib/libicucore.A.dylib
0x0000000006b64000 	/usr/lib/libxml2.2.dylib
0x0000000006b64000 	/System/Library/PrivateFrameworks/CoreUI.framework/Versions/A/CoreUI
0x0000000006b64000 	/System/Library/Frameworks/CoreAudio.framework/Versions/A/CoreAudio
0x0000000006b64000 	/System/Library/Frameworks/DiskArbitration.framework/Versions/A/DiskArbitration
0x0000000006b64000 	/usr/lib/liblangid.dylib
0x0000000006b64000 	/System/Library/PrivateFrameworks/MultitouchSupport.framework/Versions/A/MultitouchSupport
0x0000000006b64000 	/System/Library/Frameworks/IOKit.framework/Versions/A/IOKit
0x0000000006b64000 	/usr/lib/libDiagnosticMessagesClient.dylib
0x0000000006b64000 	/System/Library/Frameworks/CoreServices.framework/Versions/A/CoreServices
0x0000000006b64000 	/System/Library/PrivateFrameworks/PerformanceAnalysis.framework/Versions/A/PerformanceAnalysis
0x0000000006b64000 	/System/Library/PrivateFrameworks/GenerationalStorage.framework/Versions/A/GenerationalStorage
0x0000000006b64000 	/System/Library/Frameworks/OpenGL.framework/Versions/A/OpenGL
0x0000000006b64000 	/System/Library/Frameworks/CoreText.framework/Versions/A/CoreText
0x0000000006b64000 	/System/Library/Frameworks/ImageIO.framework/Versions/A/ImageIO
0x0000000006b64000 	/System/Library/PrivateFrameworks/Backup.framework/Versions/A/Backup
0x0000000006b64000 	/System/Library/Frameworks/CFNetwork.framework/Versions/A/CFNetwork
0x0000000006b64000 	/System/Library/Frameworks/SystemConfiguration.framework/Versions/A/SystemConfiguration
0x0000000006b64000 	/usr/lib/libCRFSuite.dylib
0x0000000006b64000 	/System/Library/PrivateFrameworks/TCC.framework/Versions/A/TCC
0x0000000006b64000 	/usr/lib/libc++.1.dylib
0x0000000006b64000 	/usr/lib/libc++abi.dylib
0x0000000006b64000 	/usr/lib/system/libcache.dylib
0x0000000006b64000 	/usr/lib/system/libcommonCrypto.dylib
0x0000000006b64000 	/usr/lib/system/libcompiler_rt.dylib
0x0000000006b64000 	/usr/lib/system/libcopyfile.dylib
0x0000000006b64000 	/usr/lib/system/libdispatch.dylib
0x0000000006b64000 	/usr/lib/system/libdnsinfo.dylib
0x0000000006b64000 	/usr/lib/system/libdyld.dylib
0x0000000006b64000 	/usr/lib/system/libkeymgr.dylib
0x0000000006b64000 	/usr/lib/system/liblaunch.dylib
0x0000000006b64000 	/usr/lib/system/libmacho.dylib
0x0000000006b64000 	/usr/lib/system/libquarantine.dylib
0x0000000006b64000 	/usr/lib/system/libremovefile.dylib
0x0000000006b64000 	/usr/lib/system/libsystem_blocks.dylib
0x0000000006b64000 	/usr/lib/system/libsystem_c.dylib
0x0000000006b64000 	/usr/lib/system/libsystem_dnssd.dylib
0x0000000006b64000 	/usr/lib/system/libsystem_info.dylib
0x0000000006b64000 	/usr/lib/system/libsystem_kernel.dylib
0x0000000006b64000 	/usr/lib/system/libsystem_m.dylib
0x0000000006b64000 	/usr/lib/system/libsystem_network.dylib
0x0000000006b64000 	/usr/lib/system/libsystem_notify.dylib
0x0000000006b64000 	/usr/lib/system/libsystem_sandbox.dylib
0x0000000006b64000 	/usr/lib/system/libunc.dylib
0x0000000006b64000 	/usr/lib/system/libunwind.dylib
0x0000000006b64000 	/usr/lib/system/libxpc.dylib
0x0000000006b64000 	/usr/lib/system/libcorecrypto.dylib
0x0000000006b64000 	/usr/lib/libstdc++.6.dylib
0x0000000006b64000 	/usr/lib/libbsm.0.dylib
0x0000000006b64000 	/usr/lib/libsqlite3.dylib
0x0000000006b64000 	/usr/lib/libxar.1.dylib
0x0000000006b64000 	/usr/lib/libpam.2.dylib
0x0000000006b64000 	/usr/lib/libOpenScriptingUtil.dylib
0x0000000006b64000 	/usr/lib/libbz2.1.0.dylib
0x0000000006b64000 	/System/Library/Frameworks/CoreServices.framework/Versions/A/Frameworks/CarbonCore.framework/Versions/A/CarbonCore
0x0000000006b64000 	/System/Library/Frameworks/CoreServices.framework/Versions/A/Frameworks/Metadata.framework/Versions/A/Metadata
0x0000000006b64000 	/System/Library/Frameworks/CoreServices.framework/Versions/A/Frameworks/OSServices.framework/Versions/A/OSServices
0x0000000006b64000 	/System/Library/Frameworks/CoreServices.framework/Versions/A/Frameworks/SearchKit.framework/Versions/A/SearchKit
0x0000000006b64000 	/System/Library/Frameworks/CoreServices.framework/Versions/A/Frameworks/AE.framework/Versions/A/AE
0x0000000006b64000 	/System/Library/Frameworks/CoreServices.framework/Versions/A/Frameworks/LaunchServices.framework/Versions/A/LaunchServices
0x0000000006b64000 	/System/Library/Frameworks/CoreServices.framework/Versions/A/Frameworks/DictionaryServices.framework/Versions/A/DictionaryServices
0x0000000006b64000 	/System/Library/Frameworks/NetFS.framework/Versions/A/NetFS
0x0000000006b64000 	/usr/lib/system/libkxld.dylib
0x0000000006b64000 	/System/Library/PrivateFrameworks/NetAuth.framework/Versions/A/NetAuth
0x0000000006b64000 	/System/Library/Frameworks/OpenDirectory.framework/Versions/A/Frameworks/CFOpenDirectory.framework/Versions/A/CFOpenDirectory
0x0000000006b64000 	/usr/lib/libxslt.1.dylib
0x0000000006b64000 	/System/Library/PrivateFrameworks/FamilyControls.framework/Versions/A/FamilyControls
0x0000000006b64000 	/System/Library/Frameworks/Carbon.framework/Versions/A/Frameworks/Ink.framework/Versions/A/Ink
0x0000000006b64000 	/System/Library/Frameworks/ApplicationServices.framework/Versions/A/Frameworks/CoreGraphics.framework/Versions/A/CoreGraphics
0x0000000006b64000 	/System/Library/Frameworks/ApplicationServices.framework/Versions/A/Frameworks/ATS.framework/Versions/A/ATS
0x0000000006b64000 	/System/Library/Frameworks/ApplicationServices.framework/Versions/A/Frameworks/ColorSync.framework/Versions/A/ColorSync
0x0000000006b64000 	/System/Library/Frameworks/ApplicationServices.framework/Versions/A/Frameworks/HIServices.framework/Versions/A/HIServices
0x0000000006b64000 	/System/Library/Frameworks/ApplicationServices.framework/Versions/A/Frameworks/LangAnalysis.framework/Versions/A/LangAnalysis
0x0000000006b64000 	/System/Library/Frameworks/ApplicationServices.framework/Versions/A/Frameworks/PrintCore.framework/Versions/A/PrintCore
0x0000000006b64000 	/System/Library/Frameworks/ApplicationServices.framework/Versions/A/Frameworks/QD.framework/Versions/A/QD
0x0000000006b64000 	/System/Library/Frameworks/ApplicationServices.framework/Versions/A/Frameworks/SpeechSynthesis.framework/Versions/A/SpeechSynthesis
0x0000000006b64000 	/System/Library/Frameworks/IOSurface.framework/Versions/A/IOSurface
0x0000000006b64000 	/System/Library/Frameworks/Accelerate.framework/Versions/A/Accelerate
0x0000000006b64000 	/System/Library/Frameworks/ApplicationServices.framework/Versions/A/Frameworks/ATS.framework/Versions/A/Resources/libFontParser.dylib
0x0000000006b64000 	/System/Library/Frameworks/ApplicationServices.framework/Versions/A/Frameworks/ATS.framework/Versions/A/Resources/libFontRegistry.dylib
0x0000000006b64000 	/System/Library/Frameworks/Accelerate.framework/Versions/A/Frameworks/vImage.framework/Versions/A/vImage
0x0000000006b64000 	/System/Library/Frameworks/Accelerate.framework/Versions/A/Frameworks/vecLib.framework/Versions/A/vecLib
0x0000000006b64000 	/System/Library/Frameworks/Accelerate.framework/Versions/A/Frameworks/vecLib.framework/Versions/A/libvDSP.dylib
0x0000000006b64000 	/System/Library/Frameworks/Accelerate.framework/Versions/A/Frameworks/vecLib.framework/Versions/A/libvMisc.dylib
0x0000000006b64000 	/System/Library/Frameworks/Accelerate.framework/Versions/A/Frameworks/vecLib.framework/Versions/A/libLAPACK.dylib
0x0000000006b64000 	/System/Library/Frameworks/Accelerate.framework/Versions/A/Frameworks/vecLib.framework/Versions/A/libBLAS.dylib
0x0000000006b64000 	/System/Library/Frameworks/ImageIO.framework/Versions/A/Resources/libJPEG.dylib
0x0000000006b64000 	/System/Library/Frameworks/ImageIO.framework/Versions/A/Resources/libTIFF.dylib
0x0000000006b64000 	/System/Library/Frameworks/ImageIO.framework/Versions/A/Resources/libPng.dylib
0x0000000006b64000 	/System/Library/Frameworks/ImageIO.framework/Versions/A/Resources/libGIF.dylib
0x0000000006b64000 	/System/Library/Frameworks/ImageIO.framework/Versions/A/Resources/libJP2.dylib
0x0000000006b64000 	/System/Library/Frameworks/ImageIO.framework/Versions/A/Resources/libRadiance.dylib
0x0000000006b64000 	/usr/lib/libcups.2.dylib
0x0000000006b64000 	/System/Library/Frameworks/Kerberos.framework/Versions/A/Kerberos
0x0000000006b64000 	/System/Library/Frameworks/GSS.framework/Versions/A/GSS
0x0000000006b64000 	/usr/lib/libresolv.9.dylib
0x0000000006b64000 	/usr/lib/libiconv.2.dylib
0x0000000006b64000 	/System/Library/PrivateFrameworks/Heimdal.framework/Versions/A/Heimdal
0x0000000006b64000 	/System/Library/PrivateFrameworks/TrustEvaluationAgent.framework/Versions/A/TrustEvaluationAgent
0x0000000006b64000 	/System/Library/Frameworks/OpenDirectory.framework/Versions/A/OpenDirectory
0x0000000006b64000 	/System/Library/PrivateFrameworks/CommonAuth.framework/Versions/A/CommonAuth
0x0000000006b64000 	/System/Library/PrivateFrameworks/Bom.framework/Versions/A/Bom
0x0000000006b64000 	/System/Library/Frameworks/CoreVideo.framework/Versions/A/CoreVideo
0x0000000006b64000 	/System/Library/Frameworks/QuartzCore.framework/Versions/A/Frameworks/CoreImage.framework/Versions/A/CoreImage
0x0000000006b64000 	/System/Library/Frameworks/QuartzCore.framework/Versions/A/Frameworks/ScalableUserInterface.framework/Versions/A/ScalableUserInterface
0x0000000006b64000 	/System/Library/Frameworks/OpenGL.framework/Versions/A/Libraries/libGLU.dylib
0x0000000006b64000 	/System/Library/Frameworks/OpenGL.framework/Versions/A/Libraries/libGFXShared.dylib
0x0000000006b64000 	/System/Library/Frameworks/OpenGL.framework/Versions/A/Libraries/libGL.dylib
0x0000000006b64000 	/System/Library/Frameworks/OpenGL.framework/Versions/A/Libraries/libGLImage.dylib
0x0000000006b64000 	/System/Library/Frameworks/OpenGL.framework/Versions/A/Libraries/libCVMSPluginSupport.dylib
0x0000000006b64000 	/System/Library/Frameworks/OpenGL.framework/Versions/A/Libraries/libCoreVMClient.dylib
0x0000000006b64000 	/System/Library/PrivateFrameworks/CrashReporterSupport.framework/Versions/A/CrashReporterSupport
0x0000000006b64000 	/System/Library/Frameworks/OpenCL.framework/Versions/A/OpenCL
0x0000000006b64000 	/System/Library/PrivateFrameworks/FaceCoreLight.framework/Versions/A/FaceCoreLight
0x0000000006b64000 	/System/Library/PrivateFrameworks/AppleFSCompression.framework/Versions/A/AppleFSCompression
0x0000000006b64000 	/System/Library/PrivateFrameworks/Ubiquity.framework/Versions/A/Ubiquity
0x0000000006b64000 	/System/Library/Frameworks/ServiceManagement.framework/Versions/A/ServiceManagement
0x0000000006b64000 	/System/Library/PrivateFrameworks/ChunkingLibrary.framework/Versions/A/ChunkingLibrary
0x0000000006b64000 	/System/Library/Frameworks/vecLib.framework/Versions/A/vecLib
0x0000000006b64000 	/System/Library/Frameworks/SecurityFoundation.framework/Versions/A/SecurityFoundation
0x0000000006b64000 	/System/Library/PrivateFrameworks/CommerceKit.framework/Versions/A/Frameworks/CommerceCore.framework/Versions/A/CommerceCore
0x0000000006b64000 	/System/Library/PrivateFrameworks/CoreSymbolication.framework/Versions/A/CoreSymbolication
0x0000000006b64000 	/System/Library/PrivateFrameworks/Symbolication.framework/Versions/A/Symbolication
0x0000000006b64000 	/System/Library/PrivateFrameworks/DebugSymbols.framework/Versions/A/DebugSymbols
0x000000010e257000 	/Library/Java/JavaVirtualMachines/jdk1.7.0_12.jdk/Contents/Home/jre/lib/server/libjvm.dylib
0x000000010eee7000 	/Library/Java/JavaVirtualMachines/jdk1.7.0_12.jdk/Contents/Home/jre/lib/libverify.dylib
0x000000010eef4000 	/Library/Java/JavaVirtualMachines/jdk1.7.0_12.jdk/Contents/Home/jre/lib/libjava.dylib
0x000000010ef25000 	/Library/Java/JavaVirtualMachines/jdk1.7.0_12.jdk/Contents/Home/jre/lib/libjdwp.dylib
0x000000010ef62000 	/Library/Java/JavaVirtualMachines/jdk1.7.0_12.jdk/Contents/Home/jre/lib/./libnpt.dylib
0x000000010eff2000 	/Library/Java/JavaVirtualMachines/jdk1.7.0_12.jdk/Contents/Home/jre/lib/libzip.dylib
0x000000019845e000 	/System/Library/Frameworks/JavaVM.framework/Frameworks/JavaRuntimeSupport.framework/JavaRuntimeSupport
0x0000000198476000 	/System/Library/Frameworks/JavaVM.framework/Versions/A/Frameworks/JavaNativeFoundation.framework/Versions/A/JavaNativeFoundation
0x000000019848b000 	/System/Library/Frameworks/JavaVM.framework/Versions/A/JavaVM
0x0000000006b64000 	/System/Library/Frameworks/Carbon.framework/Versions/A/Carbon
0x0000000198498000 	/System/Library/PrivateFrameworks/JavaLaunching.framework/Versions/A/JavaLaunching
0x0000000006b64000 	/System/Library/Frameworks/Carbon.framework/Versions/A/Frameworks/CommonPanels.framework/Versions/A/CommonPanels
0x0000000006b64000 	/System/Library/Frameworks/Carbon.framework/Versions/A/Frameworks/Help.framework/Versions/A/Help
0x0000000006b64000 	/System/Library/Frameworks/Carbon.framework/Versions/A/Frameworks/ImageCapture.framework/Versions/A/ImageCapture
0x0000000006b64000 	/System/Library/Frameworks/Carbon.framework/Versions/A/Frameworks/OpenScripting.framework/Versions/A/OpenScripting
0x0000000006b64000 	/System/Library/Frameworks/Carbon.framework/Versions/A/Frameworks/Print.framework/Versions/A/Print
0x0000000006b64000 	/System/Library/Frameworks/Carbon.framework/Versions/A/Frameworks/SecurityHI.framework/Versions/A/SecurityHI
0x00000001986ad000 	/Library/Java/JavaVirtualMachines/jdk1.7.0_12.jdk/Contents/Home/jre/lib/libdt_socket.dylib

VM Arguments:
jvm_args: -Xdebug -Xrunjdwp:transport=dt_socket,address=localhost:60225 -Dfile.encoding=UTF-8 
java_command: Boot
Launcher Type: SUN_STANDARD

Environment Variables:
PATH=/usr/bin:/bin:/usr/sbin:/sbin
LD_LIBRARY_PATH=/System/Library/Java/JavaVirtualMachines/1.6.0.jdk/Contents/Home/jre/lib/amd64:/System/Library/Java/JavaVirtualMachines/1.6.0.jdk/Contents/Home/jre/lib/i386:
SHELL=/bin/bash
DISPLAY=/tmp/launch-Clom7v/org.macosforge.xquartz:0

Signal Handlers:
SIGSEGV: [libjvm.dylib+0x4ec88f], sa_mask[0]=0xfffefeff, sa_flags=0x00000042
SIGBUS: [libjvm.dylib+0x4ec88f], sa_mask[0]=0xfffefeff, sa_flags=0x00000042
SIGFPE: [libjvm.dylib+0x3e6128], sa_mask[0]=0xfffefeff, sa_flags=0x00000042
SIGPIPE: [libjvm.dylib+0x3e6128], sa_mask[0]=0xfffefeff, sa_flags=0x00000042
SIGXFSZ: [libjvm.dylib+0x3e6128], sa_mask[0]=0xfffefeff, sa_flags=0x00000042
SIGILL: [libjvm.dylib+0x3e6128], sa_mask[0]=0xfffefeff, sa_flags=0x00000042
SIGUSR1: SIG_DFL, sa_mask[0]=0x00000000, sa_flags=0x00000002
SIGUSR2: [libjvm.dylib+0x3e5cc4], sa_mask[0]=0x00000004, sa_flags=0x00000042
SIGHUP: [libjvm.dylib+0x3e413b], sa_mask[0]=0xfffefeff, sa_flags=0x00000042
SIGINT: SIG_IGN, sa_mask[0]=0x00000000, sa_flags=0x00000000
SIGTERM: [libjvm.dylib+0x3e413b], sa_mask[0]=0xfffefeff, sa_flags=0x00000042
SIGQUIT: [libjvm.dylib+0x3e413b], sa_mask[0]=0xfffefeff, sa_flags=0x00000042


---------------  S Y S T E M  ---------------

OS:Bsduname:Darwin 12.2.0 Darwin Kernel Version 12.2.0: Sat Aug 25 00:48:52 PDT 2012; root:xnu-2050.18.24~1/RELEASE_X86_64 x86_64
rlimit: STACK 8192k, CORE 0k, NPROC 709, NOFILE 10240, AS infinity
load average:0.96 0.74 0.75

CPU:total 8 (4 cores per cpu, 2 threads per core) family 6 model 58 stepping 9, cmov, cx8, fxsr, mmx, sse, sse2, sse3, ssse3, sse4.1, sse4.2, popcnt, avx, aes, ht, tsc, tscinvbit, tscinv

Memory: 4k page, physical 7935476k(1983869k free)

/proc/meminfo:


vm_info: Java HotSpot(TM) 64-Bit Server VM (24.0-b26) for bsd-amd64 JRE (1.7.0_12-ea-b05), built on Dec 12 2012 06:27:25 by "java_re" with gcc 4.2.1 (Based on Apple Inc. build 5658) (LLVM build 2336.9.00)

time: Fri Dec 14 12:29:39 2012
elapsed time: 97 seconds

