Build started 2/2/2012 9:08:05 PM.
     1>Project "C:\Users\Jondi\Dropbox\School\CSS343\Lab3\Lab3\Lab3\Lab3.vcxproj" on node 2 (build target(s)).
     1>InitializeBuildStatus:
         Creating "Debug\Lab3.unsuccessfulbuild" because "AlwaysCreate" was specified.
       ClCompile:
         c:\Program Files (x86)\Microsoft Visual Studio 10.0\VC\bin\CL.exe /c /Zi /nologo /W3 /WX- /Od /Oy- /D _MBCS /Gm /EHsc /RTC1 /MDd /GS /fp:precise /Zc:wchar_t /Zc:forScope /Fo"Debug\\" /Fd"Debug\vc100.pdb" /Gd /TP /analyze- /errorReport:prompt ..\..\graphl.cpp
         graphl.cpp
       Link:
         c:\Program Files (x86)\Microsoft Visual Studio 10.0\VC\bin\link.exe /ERRORREPORT:PROMPT /OUT:"C:\Users\Jondi\Dropbox\School\CSS343\Lab3\Lab3\Debug\Lab3.exe" /NOLOGO kernel32.lib user32.lib gdi32.lib winspool.lib comdlg32.lib advapi32.lib shell32.lib ole32.lib oleaut32.lib uuid.lib odbc32.lib odbccp32.lib /MANIFEST /ManifestFile:"Debug\Lab3.exe.intermediate.manifest" /MANIFESTUAC:"level='asInvoker' uiAccess='false'" /DEBUG /PDB:"C:\Users\Jondi\Dropbox\School\CSS343\Lab3\Lab3\Debug\Lab3.pdb" /TLBID:1 /DYNAMICBASE /NXCOMPAT /IMPLIB:"C:\Users\Jondi\Dropbox\School\CSS343\Lab3\Lab3\Debug\Lab3.lib" /MACHINE:X86 Debug\graphl.obj
         Debug\graphm.obj
         Debug\lab3.obj
         Debug\nodedata.obj
         LINK : C:\Users\Jondi\Dropbox\School\CSS343\Lab3\Lab3\Debug\Lab3.exe not found or not built by the last incremental link; performing full link
         Lab3.vcxproj -> C:\Users\Jondi\Dropbox\School\CSS343\Lab3\Lab3\Debug\Lab3.exe
       Manifest:
         C:\Program Files (x86)\Microsoft SDKs\Windows\v7.0A\bin\mt.exe /nologo /verbose /outputresource:"C:\Users\Jondi\Dropbox\School\CSS343\Lab3\Lab3\Debug\Lab3.exe;#1" /manifest Debug\Lab3.exe.intermediate.manifest
       FinalizeBuildStatus:
         Deleting file "Debug\Lab3.unsuccessfulbuild".
         Touching "Debug\Lab3.lastbuildstate".
     1>Done Building Project "C:\Users\Jondi\Dropbox\School\CSS343\Lab3\Lab3\Lab3\Lab3.vcxproj" (build target(s)).

Build succeeded.

Time Elapsed 00:00:01.02
