C:\USERS\JONDI\DROPBOX\SCHOOL\CSS343\LAB3\LAB3\DEBUG\LAB3.EXE
C:\USERS\JONDI\DROPBOX\SCHOOL\CSS343\LAB3\LAB3\DEBUG\LAB3.ILK
C:\USERS\JONDI\DROPBOX\SCHOOL\CSS343\LAB3\LAB3\DEBUG\LAB3.PDB
C:\Users\Jondi\Dropbox\School\CSS343\Lab3\Lab3\Lab3\Debug\cl.command.1.tlog
C:\Users\Jondi\Dropbox\School\CSS343\Lab3\Lab3\Lab3\Debug\CL.read.1.tlog
C:\Users\Jondi\Dropbox\School\CSS343\Lab3\Lab3\Lab3\Debug\CL.write.1.tlog
C:\USERS\JONDI\DROPBOX\SCHOOL\CSS343\LAB3\LAB3\LAB3\DEBUG\GRAPHL.OBJ
C:\USERS\JONDI\DROPBOX\SCHOOL\CSS343\LAB3\LAB3\LAB3\DEBUG\GRAPHM.OBJ
C:\USERS\JONDI\DROPBOX\SCHOOL\CSS343\LAB3\LAB3\LAB3\DEBUG\LAB3.EXE.INTERMEDIATE.MANIFEST
C:\USERS\JONDI\DROPBOX\SCHOOL\CSS343\LAB3\LAB3\LAB3\DEBUG\LAB3.OBJ
C:\Users\Jondi\Dropbox\School\CSS343\Lab3\Lab3\Lab3\Debug\Lab3.write.1.tlog
C:\Users\Jondi\Dropbox\School\CSS343\Lab3\Lab3\Lab3\Debug\link.command.1.tlog
C:\Users\Jondi\Dropbox\School\CSS343\Lab3\Lab3\Lab3\Debug\link.read.1.tlog
C:\Users\Jondi\Dropbox\School\CSS343\Lab3\Lab3\Lab3\Debug\link.write.1.tlog
C:\Users\Jondi\Dropbox\School\CSS343\Lab3\Lab3\Lab3\Debug\mt.command.1.tlog
C:\Users\Jondi\Dropbox\School\CSS343\Lab3\Lab3\Lab3\Debug\mt.read.1.tlog
C:\Users\Jondi\Dropbox\School\CSS343\Lab3\Lab3\Lab3\Debug\mt.write.1.tlog
C:\USERS\JONDI\DROPBOX\SCHOOL\CSS343\LAB3\LAB3\LAB3\DEBUG\NODEDATA.OBJ
C:\Users\Jondi\Dropbox\School\CSS343\Lab3\Lab3\Lab3\Debug\vc100.idb
C:\USERS\JONDI\DROPBOX\SCHOOL\CSS343\LAB3\LAB3\LAB3\DEBUG\VC100.PDB
